This is pdfTeX, Version 3.141592653-2.6-1.40.25 (TeX Live 2023) (preloaded format=pdflatex 2024.2.16)  4 OCT 2024 10:39
entering extended mode
 restricted \write18 enabled.
 %&-line parsing enabled.
**common_lab3.tex
(./common_lab3.tex
LaTeX2e <2022-11-01> patch level 1
L3 programming layer <2023-02-22> (/usr/local/texlive/2023/texmf-dist/tex/latex
/base/article.cls
Document Class: article 2022/07/02 v1.4n Standard LaTeX document class
(/usr/local/texlive/2023/texmf-dist/tex/latex/base/size10.clo
File: size10.clo 2022/07/02 v1.4n Standard LaTeX file (size option)
)
\c@part=\count185
\c@section=\count186
\c@subsection=\count187
\c@subsubsection=\count188
\c@paragraph=\count189
\c@subparagraph=\count190
\c@figure=\count191
\c@table=\count192
\abovecaptionskip=\skip48
\belowcaptionskip=\skip49
\bibindent=\dimen140
) (/usr/local/texlive/2023/texmf-dist/tex/latex/amsmath/amsmath.sty
Package: amsmath 2022/04/08 v2.17n AMS math features
\@mathmargin=\skip50
For additional information on amsmath, use the `?' option.
(/usr/local/texlive/2023/texmf-dist/tex/latex/amsmath/amstext.sty
Package: amstext 2021/08/26 v2.01 AMS text
(/usr/local/texlive/2023/texmf-dist/tex/latex/amsmath/amsgen.sty
File: amsgen.sty 1999/11/30 v2.0 generic functions
\@emptytoks=\toks16
\ex@=\dimen141
)) (/usr/local/texlive/2023/texmf-dist/tex/latex/amsmath/amsbsy.sty
Package: amsbsy 1999/11/29 v1.2d Bold Symbols
\pmbraise@=\dimen142
) (/usr/local/texlive/2023/texmf-dist/tex/latex/amsmath/amsopn.sty
Package: amsopn 2022/04/08 v2.04 operator names
)
\inf@bad=\count193
LaTeX Info: Redefining \frac on input line 234.
\uproot@=\count194
\leftroot@=\count195
LaTeX Info: Redefining \overline on input line 399.
LaTeX Info: Redefining \colon on input line 410.
\classnum@=\count196
\DOTSCASE@=\count197
LaTeX Info: Redefining \ldots on input line 496.
LaTeX Info: Redefining \dots on input line 499.
LaTeX Info: Redefining \cdots on input line 620.
\Mathstrutbox@=\box51
\strutbox@=\box52
LaTeX Info: Redefining \big on input line 722.
LaTeX Info: Redefining \Big on input line 723.
LaTeX Info: Redefining \bigg on input line 724.
LaTeX Info: Redefining \Bigg on input line 725.
\big@size=\dimen143
LaTeX Font Info:    Redeclaring font encoding OML on input line 743.
LaTeX Font Info:    Redeclaring font encoding OMS on input line 744.
\macc@depth=\count198
LaTeX Info: Redefining \bmod on input line 905.
LaTeX Info: Redefining \pmod on input line 910.
LaTeX Info: Redefining \smash on input line 940.
LaTeX Info: Redefining \relbar on input line 970.
LaTeX Info: Redefining \Relbar on input line 971.
\c@MaxMatrixCols=\count199
\dotsspace@=\muskip16
\c@parentequation=\count266
\dspbrk@lvl=\count267
\tag@help=\toks17
\row@=\count268
\column@=\count269
\maxfields@=\count270
\andhelp@=\toks18
\eqnshift@=\dimen144
\alignsep@=\dimen145
\tagshift@=\dimen146
\tagwidth@=\dimen147
\totwidth@=\dimen148
\lineht@=\dimen149
\@envbody=\toks19
\multlinegap=\skip51
\multlinetaggap=\skip52
\mathdisplay@stack=\toks20
LaTeX Info: Redefining \[ on input line 2953.
LaTeX Info: Redefining \] on input line 2954.
) (/usr/local/texlive/2023/texmf-dist/tex/latex/amsfonts/amssymb.sty
Package: amssymb 2013/01/14 v3.01 AMS font symbols
(/usr/local/texlive/2023/texmf-dist/tex/latex/amsfonts/amsfonts.sty
Package: amsfonts 2013/01/14 v3.01 Basic AMSFonts support
\symAMSa=\mathgroup4
\symAMSb=\mathgroup5
LaTeX Font Info:    Redeclaring math symbol \hbar on input line 98.
LaTeX Font Info:    Overwriting math alphabet `\mathfrak' in version `bold'
(Font)                  U/euf/m/n --> U/euf/b/n on input line 106.
)) (/usr/local/texlive/2023/texmf-dist/tex/generic/iftex/iftex.sty
Package: iftex 2022/02/03 v1.0f TeX engine tests
) (/usr/local/texlive/2023/texmf-dist/tex/latex/base/fontenc.sty
Package: fontenc 2021/04/29 v2.0v Standard LaTeX package
) (/usr/local/texlive/2023/texmf-dist/tex/latex/base/inputenc.sty
Package: inputenc 2021/02/14 v1.3d Input encoding file
\inpenc@prehook=\toks21
\inpenc@posthook=\toks22
) (/usr/local/texlive/2023/texmf-dist/tex/latex/base/textcomp.sty
Package: textcomp 2020/02/02 v2.0n Standard LaTeX package
) (/usr/local/texlive/2023/texmf-dist/tex/latex/lm/lmodern.sty
Package: lmodern 2015/05/01 v1.6.1 Latin Modern Fonts
LaTeX Font Info:    Overwriting symbol font `operators' in version `normal'
(Font)                  OT1/cmr/m/n --> OT1/lmr/m/n on input line 22.
LaTeX Font Info:    Overwriting symbol font `letters' in version `normal'
(Font)                  OML/cmm/m/it --> OML/lmm/m/it on input line 23.
LaTeX Font Info:    Overwriting symbol font `symbols' in version `normal'
(Font)                  OMS/cmsy/m/n --> OMS/lmsy/m/n on input line 24.
LaTeX Font Info:    Overwriting symbol font `largesymbols' in version `normal'
(Font)                  OMX/cmex/m/n --> OMX/lmex/m/n on input line 25.
LaTeX Font Info:    Overwriting symbol font `operators' in version `bold'
(Font)                  OT1/cmr/bx/n --> OT1/lmr/bx/n on input line 26.
LaTeX Font Info:    Overwriting symbol font `letters' in version `bold'
(Font)                  OML/cmm/b/it --> OML/lmm/b/it on input line 27.
LaTeX Font Info:    Overwriting symbol font `symbols' in version `bold'
(Font)                  OMS/cmsy/b/n --> OMS/lmsy/b/n on input line 28.
LaTeX Font Info:    Overwriting symbol font `largesymbols' in version `bold'
(Font)                  OMX/cmex/m/n --> OMX/lmex/m/n on input line 29.
LaTeX Font Info:    Overwriting math alphabet `\mathbf' in version `normal'
(Font)                  OT1/cmr/bx/n --> OT1/lmr/bx/n on input line 31.
LaTeX Font Info:    Overwriting math alphabet `\mathsf' in version `normal'
(Font)                  OT1/cmss/m/n --> OT1/lmss/m/n on input line 32.
LaTeX Font Info:    Overwriting math alphabet `\mathit' in version `normal'
(Font)                  OT1/cmr/m/it --> OT1/lmr/m/it on input line 33.
LaTeX Font Info:    Overwriting math alphabet `\mathtt' in version `normal'
(Font)                  OT1/cmtt/m/n --> OT1/lmtt/m/n on input line 34.
LaTeX Font Info:    Overwriting math alphabet `\mathbf' in version `bold'
(Font)                  OT1/cmr/bx/n --> OT1/lmr/bx/n on input line 35.
LaTeX Font Info:    Overwriting math alphabet `\mathsf' in version `bold'
(Font)                  OT1/cmss/bx/n --> OT1/lmss/bx/n on input line 36.
LaTeX Font Info:    Overwriting math alphabet `\mathit' in version `bold'
(Font)                  OT1/cmr/bx/it --> OT1/lmr/bx/it on input line 37.
LaTeX Font Info:    Overwriting math alphabet `\mathtt' in version `bold'
(Font)                  OT1/cmtt/m/n --> OT1/lmtt/m/n on input line 38.
) (/usr/local/texlive/2023/texmf-dist/tex/latex/upquote/upquote.sty
Package: upquote 2012/04/19 v1.3 upright-quote and grave-accent glyphs in verba
tim
) (/usr/local/texlive/2023/texmf-dist/tex/latex/microtype/microtype.sty
Package: microtype 2023/03/13 v3.1a Micro-typographical refinements (RS)
(/usr/local/texlive/2023/texmf-dist/tex/latex/graphics/keyval.sty
Package: keyval 2022/05/29 v1.15 key=value parser (DPC)
\KV@toks@=\toks23
) (/usr/local/texlive/2023/texmf-dist/tex/latex/etoolbox/etoolbox.sty
Package: etoolbox 2020/10/05 v2.5k e-TeX tools for LaTeX (JAW)
\etb@tempcnta=\count271
)
\MT@toks=\toks24
\MT@tempbox=\box53
\MT@count=\count272
LaTeX Info: Redefining \noprotrusionifhmode on input line 1059.
LaTeX Info: Redefining \leftprotrusion on input line 1060.
\MT@prot@toks=\toks25
LaTeX Info: Redefining \rightprotrusion on input line 1078.
LaTeX Info: Redefining \textls on input line 1368.
\MT@outer@kern=\dimen150
LaTeX Info: Redefining \textmicrotypecontext on input line 1988.
\MT@listname@count=\count273
(/usr/local/texlive/2023/texmf-dist/tex/latex/microtype/microtype-pdftex.def
File: microtype-pdftex.def 2023/03/13 v3.1a Definitions specific to pdftex (RS)

LaTeX Info: Redefining \lsstyle on input line 902.
LaTeX Info: Redefining \lslig on input line 902.
\MT@outer@space=\skip53
)
Package microtype Info: Loading configuration file microtype.cfg.
(/usr/local/texlive/2023/texmf-dist/tex/latex/microtype/microtype.cfg
File: microtype.cfg 2023/03/13 v3.1a microtype main configuration file (RS)
)) (/usr/local/texlive/2023/texmf-dist/tex/latex/parskip/parskip.sty
Package: parskip 2021-03-14 v2.0h non-zero parskip adjustments
(/usr/local/texlive/2023/texmf-dist/tex/latex/kvoptions/kvoptions.sty
Package: kvoptions 2022-06-15 v3.15 Key value format for package options (HO)
(/usr/local/texlive/2023/texmf-dist/tex/generic/ltxcmds/ltxcmds.sty
Package: ltxcmds 2020-05-10 v1.25 LaTeX kernel commands for general use (HO)
) (/usr/local/texlive/2023/texmf-dist/tex/latex/kvsetkeys/kvsetkeys.sty
Package: kvsetkeys 2022-10-05 v1.19 Key value parser (HO)
))) (/usr/local/texlive/2023/texmf-dist/tex/latex/xcolor/xcolor.sty
Package: xcolor 2022/06/12 v2.14 LaTeX color extensions (UK)
(/usr/local/texlive/2023/texmf-dist/tex/latex/graphics-cfg/color.cfg
File: color.cfg 2016/01/02 v1.6 sample color configuration
)
Package xcolor Info: Driver file: pdftex.def on input line 227.
(/usr/local/texlive/2023/texmf-dist/tex/latex/graphics-def/pdftex.def
File: pdftex.def 2022/09/22 v1.2b Graphics/color driver for pdftex
) (/usr/local/texlive/2023/texmf-dist/tex/latex/graphics/mathcolor.ltx)
Package xcolor Info: Model `cmy' substituted by `cmy0' on input line 1353.
Package xcolor Info: Model `hsb' substituted by `rgb' on input line 1357.
Package xcolor Info: Model `RGB' extended on input line 1369.
Package xcolor Info: Model `HTML' substituted by `rgb' on input line 1371.
Package xcolor Info: Model `Hsb' substituted by `hsb' on input line 1372.
Package xcolor Info: Model `tHsb' substituted by `hsb' on input line 1373.
Package xcolor Info: Model `HSB' substituted by `hsb' on input line 1374.
Package xcolor Info: Model `Gray' substituted by `gray' on input line 1375.
Package xcolor Info: Model `wave' substituted by `hsb' on input line 1376.
) (/usr/local/texlive/2023/texmf-dist/tex/latex/geometry/geometry.sty
Package: geometry 2020/01/02 v5.9 Page Geometry
(/usr/local/texlive/2023/texmf-dist/tex/generic/iftex/ifvtex.sty
Package: ifvtex 2019/10/25 v1.7 ifvtex legacy package. Use iftex instead.
)
\Gm@cnth=\count274
\Gm@cntv=\count275
\c@Gm@tempcnt=\count276
\Gm@bindingoffset=\dimen151
\Gm@wd@mp=\dimen152
\Gm@odd@mp=\dimen153
\Gm@even@mp=\dimen154
\Gm@layoutwidth=\dimen155
\Gm@layoutheight=\dimen156
\Gm@layouthoffset=\dimen157
\Gm@layoutvoffset=\dimen158
\Gm@dimlist=\toks26
) (/usr/local/texlive/2023/texmf-dist/tex/latex/fancyvrb/fancyvrb.sty
Package: fancyvrb 2023/01/19 4.5a verbatim text (tvz,hv)
\FV@CodeLineNo=\count277
\FV@InFile=\read2
\FV@TabBox=\box54
\c@FancyVerbLine=\count278
\FV@StepNumber=\count279
\FV@OutFile=\write3
) (/usr/local/texlive/2023/texmf-dist/tex/latex/framed/framed.sty
Package: framed 2011/10/22 v 0.96: framed or shaded text with page breaks
\OuterFrameSep=\skip54
\fb@frw=\dimen159
\fb@frh=\dimen160
\FrameRule=\dimen161
\FrameSep=\dimen162
) (/usr/local/texlive/2023/texmf-dist/tex/latex/graphics/graphicx.sty
Package: graphicx 2021/09/16 v1.2d Enhanced LaTeX Graphics (DPC,SPQR)
(/usr/local/texlive/2023/texmf-dist/tex/latex/graphics/graphics.sty
Package: graphics 2022/03/10 v1.4e Standard LaTeX Graphics (DPC,SPQR)
(/usr/local/texlive/2023/texmf-dist/tex/latex/graphics/trig.sty
Package: trig 2021/08/11 v1.11 sin cos tan (DPC)
) (/usr/local/texlive/2023/texmf-dist/tex/latex/graphics-cfg/graphics.cfg
File: graphics.cfg 2016/06/04 v1.11 sample graphics configuration
)
Package graphics Info: Driver file: pdftex.def on input line 107.
)
\Gin@req@height=\dimen163
\Gin@req@width=\dimen164
) (/usr/local/texlive/2023/texmf-dist/tex/latex/bookmark/bookmark.sty
Package: bookmark 2020-11-06 v1.29 PDF bookmarks (HO)
(/usr/local/texlive/2023/texmf-dist/tex/latex/hyperref/hyperref.sty
Package: hyperref 2023-02-07 v7.00v Hypertext links for LaTeX
(/usr/local/texlive/2023/texmf-dist/tex/generic/pdftexcmds/pdftexcmds.sty
Package: pdftexcmds 2020-06-27 v0.33 Utility functions of pdfTeX for LuaTeX (HO
)
(/usr/local/texlive/2023/texmf-dist/tex/generic/infwarerr/infwarerr.sty
Package: infwarerr 2019/12/03 v1.5 Providing info/warning/error messages (HO)
)
Package pdftexcmds Info: \pdf@primitive is available.
Package pdftexcmds Info: \pdf@ifprimitive is available.
Package pdftexcmds Info: \pdfdraftmode found.
) (/usr/local/texlive/2023/texmf-dist/tex/generic/kvdefinekeys/kvdefinekeys.sty
Package: kvdefinekeys 2019-12-19 v1.6 Define keys (HO)
) (/usr/local/texlive/2023/texmf-dist/tex/generic/pdfescape/pdfescape.sty
Package: pdfescape 2019/12/09 v1.15 Implements pdfTeX's escape features (HO)
) (/usr/local/texlive/2023/texmf-dist/tex/latex/hycolor/hycolor.sty
Package: hycolor 2020-01-27 v1.10 Color options for hyperref/bookmark (HO)
) (/usr/local/texlive/2023/texmf-dist/tex/latex/letltxmacro/letltxmacro.sty
Package: letltxmacro 2019/12/03 v1.6 Let assignment for LaTeX macros (HO)
) (/usr/local/texlive/2023/texmf-dist/tex/latex/auxhook/auxhook.sty
Package: auxhook 2019-12-17 v1.6 Hooks for auxiliary files (HO)
) (/usr/local/texlive/2023/texmf-dist/tex/latex/hyperref/nameref.sty
Package: nameref 2022-05-17 v2.50 Cross-referencing by name of section
(/usr/local/texlive/2023/texmf-dist/tex/latex/refcount/refcount.sty
Package: refcount 2019/12/15 v3.6 Data extraction from label references (HO)
)
(/usr/local/texlive/2023/texmf-dist/tex/generic/gettitlestring/gettitlestring.s
ty
Package: gettitlestring 2019/12/15 v1.6 Cleanup title references (HO)
)
\c@section@level=\count280
)
\@linkdim=\dimen165
\Hy@linkcounter=\count281
\Hy@pagecounter=\count282
(/usr/local/texlive/2023/texmf-dist/tex/latex/hyperref/pd1enc.def
File: pd1enc.def 2023-02-07 v7.00v Hyperref: PDFDocEncoding definition (HO)
Now handling font encoding PD1 ...
... no UTF-8 mapping file for font encoding PD1
) (/usr/local/texlive/2023/texmf-dist/tex/generic/intcalc/intcalc.sty
Package: intcalc 2019/12/15 v1.3 Expandable calculations with integers (HO)
) (/usr/local/texlive/2023/texmf-dist/tex/generic/etexcmds/etexcmds.sty
Package: etexcmds 2019/12/15 v1.7 Avoid name clashes with e-TeX commands (HO)
)
\Hy@SavedSpaceFactor=\count283
(/usr/local/texlive/2023/texmf-dist/tex/latex/hyperref/puenc.def
File: puenc.def 2023-02-07 v7.00v Hyperref: PDF Unicode definition (HO)
Now handling font encoding PU ...
... no UTF-8 mapping file for font encoding PU
)
Package hyperref Info: Option `unicode' set `true' on input line 4060.
Package hyperref Info: Hyper figures OFF on input line 4177.
Package hyperref Info: Link nesting OFF on input line 4182.
Package hyperref Info: Hyper index ON on input line 4185.
Package hyperref Info: Plain pages OFF on input line 4192.
Package hyperref Info: Backreferencing OFF on input line 4197.
Package hyperref Info: Implicit mode ON; LaTeX internals redefined.
Package hyperref Info: Bookmarks ON on input line 4425.
\c@Hy@tempcnt=\count284
(/usr/local/texlive/2023/texmf-dist/tex/latex/url/url.sty
\Urlmuskip=\muskip17
Package: url 2013/09/16  ver 3.4  Verb mode for urls, etc.
)
LaTeX Info: Redefining \url on input line 4763.
\XeTeXLinkMargin=\dimen166
(/usr/local/texlive/2023/texmf-dist/tex/generic/bitset/bitset.sty
Package: bitset 2019/12/09 v1.3 Handle bit-vector datatype (HO)
(/usr/local/texlive/2023/texmf-dist/tex/generic/bigintcalc/bigintcalc.sty
Package: bigintcalc 2019/12/15 v1.5 Expandable calculations on big integers (HO
)
))
\Fld@menulength=\count285
\Field@Width=\dimen167
\Fld@charsize=\dimen168
Package hyperref Info: Hyper figures OFF on input line 6042.
Package hyperref Info: Link nesting OFF on input line 6047.
Package hyperref Info: Hyper index ON on input line 6050.
Package hyperref Info: backreferencing OFF on input line 6057.
Package hyperref Info: Link coloring OFF on input line 6062.
Package hyperref Info: Link coloring with OCG OFF on input line 6067.
Package hyperref Info: PDF/A mode OFF on input line 6072.
(/usr/local/texlive/2023/texmf-dist/tex/latex/base/atbegshi-ltx.sty
Package: atbegshi-ltx 2021/01/10 v1.0c Emulation of the original atbegshi
package with kernel methods
)
\Hy@abspage=\count286
\c@Item=\count287
\c@Hfootnote=\count288
)
Package hyperref Info: Driver (autodetected): hpdftex.
(/usr/local/texlive/2023/texmf-dist/tex/latex/hyperref/hpdftex.def
File: hpdftex.def 2023-02-07 v7.00v Hyperref driver for pdfTeX
(/usr/local/texlive/2023/texmf-dist/tex/latex/base/atveryend-ltx.sty
Package: atveryend-ltx 2020/08/19 v1.0a Emulation of the original atveryend pac
kage
with kernel methods
)
\Fld@listcount=\count289
\c@bookmark@seq@number=\count290

(/usr/local/texlive/2023/texmf-dist/tex/latex/rerunfilecheck/rerunfilecheck.sty
Package: rerunfilecheck 2022-07-10 v1.10 Rerun checks for auxiliary files (HO)

(/usr/local/texlive/2023/texmf-dist/tex/generic/uniquecounter/uniquecounter.sty
Package: uniquecounter 2019/12/15 v1.4 Provide unlimited unique counter (HO)
)
Package uniquecounter Info: New unique counter `rerunfilecheck' on input line 2
85.
)
\Hy@SectionHShift=\skip55
) (/usr/local/texlive/2023/texmf-dist/tex/latex/bookmark/bkm-pdftex.def
File: bkm-pdftex.def 2020-11-06 v1.29 bookmark driver for pdfTeX (HO)
\BKM@id=\count291
)) (/usr/local/texlive/2023/texmf-dist/tex/latex/xurl/xurl.sty
Package: xurl 2022/01/09 v 0.10 modify URL breaks
)
LaTeX Font Info:    Trying to load font information for T1+lmr on input line 11
3.
(/usr/local/texlive/2023/texmf-dist/tex/latex/lm/t1lmr.fd
File: t1lmr.fd 2015/05/01 v1.6.1 Font defs for Latin Modern
) (/usr/local/texlive/2023/texmf-dist/tex/latex/l3backend/l3backend-pdftex.def
File: l3backend-pdftex.def 2023-01-16 L3 backend support: PDF output (pdfTeX)
\l__color_backend_stack_int=\count292
\l__pdf_internal_box=\box55
) (./common_lab3.aux)
\openout1 = `common_lab3.aux'.

LaTeX Font Info:    Checking defaults for OML/cmm/m/it on input line 113.
LaTeX Font Info:    ... okay on input line 113.
LaTeX Font Info:    Checking defaults for OMS/cmsy/m/n on input line 113.
LaTeX Font Info:    ... okay on input line 113.
LaTeX Font Info:    Checking defaults for OT1/cmr/m/n on input line 113.
LaTeX Font Info:    ... okay on input line 113.
LaTeX Font Info:    Checking defaults for T1/cmr/m/n on input line 113.
LaTeX Font Info:    ... okay on input line 113.
LaTeX Font Info:    Checking defaults for TS1/cmr/m/n on input line 113.
LaTeX Font Info:    ... okay on input line 113.
LaTeX Font Info:    Checking defaults for OMX/cmex/m/n on input line 113.
LaTeX Font Info:    ... okay on input line 113.
LaTeX Font Info:    Checking defaults for U/cmr/m/n on input line 113.
LaTeX Font Info:    ... okay on input line 113.
LaTeX Font Info:    Checking defaults for PD1/pdf/m/n on input line 113.
LaTeX Font Info:    ... okay on input line 113.
LaTeX Font Info:    Checking defaults for PU/pdf/m/n on input line 113.
LaTeX Font Info:    ... okay on input line 113.
LaTeX Info: Redefining \microtypecontext on input line 113.
Package microtype Info: Applying patch `item' on input line 113.
Package microtype Info: Applying patch `toc' on input line 113.
Package microtype Info: Applying patch `eqnum' on input line 113.
Package microtype Info: Applying patch `footnote' on input line 113.
Package microtype Info: Applying patch `verbatim' on input line 113.
Package microtype Info: Generating PDF output.
Package microtype Info: Character protrusion enabled (level 2).
Package microtype Info: Using protrusion set `basicmath'.
Package microtype Info: Automatic font expansion enabled (level 2),
(microtype)             stretch: 20, shrink: 20, step: 1, non-selected.
Package microtype Info: Using default expansion set `alltext-nott'.
LaTeX Info: Redefining \showhyphens on input line 113.
Package microtype Info: No adjustment of tracking.
Package microtype Info: No adjustment of interword spacing.
Package microtype Info: No adjustment of character kerning.
(/usr/local/texlive/2023/texmf-dist/tex/latex/microtype/mt-cmr.cfg
File: mt-cmr.cfg 2013/05/19 v2.2 microtype config. file: Computer Modern Roman 
(RS)
) (/usr/local/texlive/2023/texmf-dist/tex/context/base/mkii/supp-pdf.mkii
[Loading MPS to PDF converter (version 2006.09.02).]
\scratchcounter=\count293
\scratchdimen=\dimen169
\scratchbox=\box56
\nofMPsegments=\count294
\nofMParguments=\count295
\everyMPshowfont=\toks27
\MPscratchCnt=\count296
\MPscratchDim=\dimen170
\MPnumerator=\count297
\makeMPintoPDFobject=\count298
\everyMPtoPDFconversion=\toks28
) (/usr/local/texlive/2023/texmf-dist/tex/latex/epstopdf-pkg/epstopdf-base.sty
Package: epstopdf-base 2020-01-24 v2.11 Base part for package epstopdf
Package epstopdf-base Info: Redefining graphics rule for `.eps' on input line 4
85.
(/usr/local/texlive/2023/texmf-dist/tex/latex/latexconfig/epstopdf-sys.cfg
File: epstopdf-sys.cfg 2010/07/13 v1.3 Configuration of (r)epstopdf for TeX Liv
e
))
*geometry* driver: auto-detecting
*geometry* detected driver: pdftex
*geometry* verbose mode - [ preamble ] result:
* driver: pdftex
* paper: <default>
* layout: <same size as paper>
* layoutoffset:(h,v)=(0.0pt,0.0pt)
* modes: 
* h-part:(L,W,R)=(72.26999pt, 469.75502pt, 72.26999pt)
* v-part:(T,H,B)=(72.26999pt, 650.43001pt, 72.26999pt)
* \paperwidth=614.295pt
* \paperheight=794.96999pt
* \textwidth=469.75502pt
* \textheight=650.43001pt
* \oddsidemargin=0.0pt
* \evensidemargin=0.0pt
* \topmargin=-37.0pt
* \headheight=12.0pt
* \headsep=25.0pt
* \topskip=10.0pt
* \footskip=30.0pt
* \marginparwidth=65.0pt
* \marginparsep=11.0pt
* \columnsep=10.0pt
* \skip\footins=9.0pt plus 4.0pt minus 2.0pt
* \hoffset=0.0pt
* \voffset=0.0pt
* \mag=1000
* \@twocolumnfalse
* \@twosidefalse
* \@mparswitchfalse
* \@reversemarginfalse
* (1in=72.27pt=25.4mm, 1cm=28.453pt)

Package hyperref Info: Link coloring OFF on input line 113.
LaTeX Font Info:    Trying to load font information for OT1+lmr on input line 1
15.
(/usr/local/texlive/2023/texmf-dist/tex/latex/lm/ot1lmr.fd
File: ot1lmr.fd 2015/05/01 v1.6.1 Font defs for Latin Modern
)
LaTeX Font Info:    Trying to load font information for OML+lmm on input line 1
15.
(/usr/local/texlive/2023/texmf-dist/tex/latex/lm/omllmm.fd
File: omllmm.fd 2015/05/01 v1.6.1 Font defs for Latin Modern
)
LaTeX Font Info:    Trying to load font information for OMS+lmsy on input line 
115.
(/usr/local/texlive/2023/texmf-dist/tex/latex/lm/omslmsy.fd
File: omslmsy.fd 2015/05/01 v1.6.1 Font defs for Latin Modern
)
LaTeX Font Info:    Trying to load font information for OMX+lmex on input line 
115.
(/usr/local/texlive/2023/texmf-dist/tex/latex/lm/omxlmex.fd
File: omxlmex.fd 2015/05/01 v1.6.1 Font defs for Latin Modern
)
LaTeX Font Info:    External font `lmex10' loaded for size
(Font)              <12> on input line 115.
LaTeX Font Info:    External font `lmex10' loaded for size
(Font)              <8> on input line 115.
LaTeX Font Info:    External font `lmex10' loaded for size
(Font)              <6> on input line 115.
LaTeX Font Info:    Trying to load font information for U+msa on input line 115
.
(/usr/local/texlive/2023/texmf-dist/tex/latex/amsfonts/umsa.fd
File: umsa.fd 2013/01/14 v3.01 AMS symbols A
) (/usr/local/texlive/2023/texmf-dist/tex/latex/microtype/mt-msa.cfg
File: mt-msa.cfg 2006/02/04 v1.1 microtype config. file: AMS symbols (a) (RS)
)
LaTeX Font Info:    Trying to load font information for U+msb on input line 115
.
(/usr/local/texlive/2023/texmf-dist/tex/latex/amsfonts/umsb.fd
File: umsb.fd 2013/01/14 v3.01 AMS symbols B
) (/usr/local/texlive/2023/texmf-dist/tex/latex/microtype/mt-msb.cfg
File: mt-msb.cfg 2005/06/01 v1.0 microtype config. file: AMS symbols (b) (RS)
)
LaTeX Font Info:    Trying to load font information for TS1+lmr on input line 1
27.
(/usr/local/texlive/2023/texmf-dist/tex/latex/lm/ts1lmr.fd
File: ts1lmr.fd 2015/05/01 v1.6.1 Font defs for Latin Modern
)
LaTeX Font Info:    External font `lmex10' loaded for size
(Font)              <10> on input line 134.
LaTeX Font Info:    External font `lmex10' loaded for size
(Font)              <7> on input line 134.
LaTeX Font Info:    External font `lmex10' loaded for size
(Font)              <5> on input line 134.
LaTeX Font Info:    Trying to load font information for T1+lmtt on input line 1
54.
(/usr/local/texlive/2023/texmf-dist/tex/latex/lm/t1lmtt.fd
File: t1lmtt.fd 2015/05/01 v1.6.1 Font defs for Latin Modern
)
LaTeX Font Info:    Font shape `T1/lmtt/bx/n' in size <10> not available
(Font)              Font shape `T1/lmtt/b/n' tried instead on input line 159.

LaTeX Font Warning: Font shape `T1/lmtt/bx/it' in size <10> not available
(Font)              Font shape `T1/lmtt/b/sl' tried instead on input line 159.

LaTeX Font Info:    Trying to load font information for TS1+lmtt on input line 
210.
(/usr/local/texlive/2023/texmf-dist/tex/latex/lm/ts1lmtt.fd
File: ts1lmtt.fd 2015/05/01 v1.6.1 Font defs for Latin Modern
) [1

{/usr/local/texlive/2023/texmf-var/fonts/map/pdftex/updmap/pdftex.map}{/usr/loc
al/texlive/2023/texmf-dist/fonts/enc/dvips/lm/lm-ec.enc}{/usr/local/texlive/202
3/texmf-dist/fonts/enc/dvips/lm/lm-ts1.enc}{/usr/local/texlive/2023/texmf-dist/
fonts/enc/dvips/lm/lm-mathit.enc}{/usr/local/texlive/2023/texmf-dist/fonts/enc/
dvips/lm/lm-rm.enc}{/usr/local/texlive/2023/texmf-dist/fonts/enc/dvips/lm/lm-ma
thsy.enc}] [2]
Underfull \vbox (badness 10000) detected at line 288
 []


Underfull \vbox (badness 10000) detected at line 288
 []

[3]
Underfull \vbox (badness 5711) detected at line 371
 []

[4]
<common_lab3_files/figure-latex/unnamed-chunk-4-1.pdf, id=39, 451.6875pt x 315.
1775pt>
File: common_lab3_files/figure-latex/unnamed-chunk-4-1.pdf Graphic file (type p
df)
<use common_lab3_files/figure-latex/unnamed-chunk-4-1.pdf>
Package pdftex.def Info: common_lab3_files/figure-latex/unnamed-chunk-4-1.pdf  
used on input line 398.
(pdftex.def)             Requested size: 451.71394pt x 315.19595pt.
[5]
<common_lab3_files/figure-latex/unnamed-chunk-4-2.pdf, id=44, 451.6875pt x 315.
1775pt>
File: common_lab3_files/figure-latex/unnamed-chunk-4-2.pdf Graphic file (type p
df)
<use common_lab3_files/figure-latex/unnamed-chunk-4-2.pdf>
Package pdftex.def Info: common_lab3_files/figure-latex/unnamed-chunk-4-2.pdf  
used on input line 411.
(pdftex.def)             Requested size: 451.71394pt x 315.19595pt.
<common_lab3_files/figure-latex/unnamed-chunk-4-3.pdf, id=45, 451.6875pt x 315.
1775pt>
File: common_lab3_files/figure-latex/unnamed-chunk-4-3.pdf Graphic file (type p
df)
<use common_lab3_files/figure-latex/unnamed-chunk-4-3.pdf>
Package pdftex.def Info: common_lab3_files/figure-latex/unnamed-chunk-4-3.pdf  
used on input line 412.
(pdftex.def)             Requested size: 451.71394pt x 315.19595pt.
<common_lab3_files/figure-latex/unnamed-chunk-4-4.pdf, id=46, 451.6875pt x 315.
1775pt>
File: common_lab3_files/figure-latex/unnamed-chunk-4-4.pdf Graphic file (type p
df)
<use common_lab3_files/figure-latex/unnamed-chunk-4-4.pdf>
Package pdftex.def Info: common_lab3_files/figure-latex/unnamed-chunk-4-4.pdf  
used on input line 413.
(pdftex.def)             Requested size: 451.71394pt x 315.19595pt.
<common_lab3_files/figure-latex/unnamed-chunk-4-5.pdf, id=47, 451.6875pt x 315.
1775pt>
File: common_lab3_files/figure-latex/unnamed-chunk-4-5.pdf Graphic file (type p
df)
<use common_lab3_files/figure-latex/unnamed-chunk-4-5.pdf>
Package pdftex.def Info: common_lab3_files/figure-latex/unnamed-chunk-4-5.pdf  
used on input line 414.
(pdftex.def)             Requested size: 451.71394pt x 315.19595pt.

Underfull \hbox (badness 10000) in paragraph at lines 411--415
[][]
 []


Underfull \hbox (badness 10000) in paragraph at lines 411--415
[]
 []


Underfull \hbox (badness 10000) in paragraph at lines 411--415
[]
 []

[6 <./common_lab3_files/figure-latex/unnamed-chunk-4-1.pdf>] [7 <./common_lab3_
files/figure-latex/unnamed-chunk-4-2.pdf> <./common_lab3_files/figure-latex/unn
amed-chunk-4-3.pdf>] [8 <./common_lab3_files/figure-latex/unnamed-chunk-4-4.pdf
> <./common_lab3_files/figure-latex/unnamed-chunk-4-5.pdf>]

LaTeX Warning: Command \texttimes invalid in math mode on input line 439.


LaTeX Warning: Command \texttimes invalid in math mode on input line 439.

<common_lab3_files/figure-latex/unnamed-chunk-5-1.pdf, id=101, 451.6875pt x 315
.1775pt>
File: common_lab3_files/figure-latex/unnamed-chunk-5-1.pdf Graphic file (type p
df)
<use common_lab3_files/figure-latex/unnamed-chunk-5-1.pdf>
Package pdftex.def Info: common_lab3_files/figure-latex/unnamed-chunk-5-1.pdf  
used on input line 470.
(pdftex.def)             Requested size: 451.71394pt x 315.19595pt.
[9]
<common_lab3_files/figure-latex/unnamed-chunk-5-2.pdf, id=108, 451.6875pt x 315
.1775pt>
File: common_lab3_files/figure-latex/unnamed-chunk-5-2.pdf Graphic file (type p
df)
<use common_lab3_files/figure-latex/unnamed-chunk-5-2.pdf>
Package pdftex.def Info: common_lab3_files/figure-latex/unnamed-chunk-5-2.pdf  
used on input line 500.
(pdftex.def)             Requested size: 451.71394pt x 315.19595pt.
<common_lab3_files/figure-latex/unnamed-chunk-5-3.pdf, id=109, 438.63875pt x 24
8.93pt>
File: common_lab3_files/figure-latex/unnamed-chunk-5-3.pdf Graphic file (type p
df)
<use common_lab3_files/figure-latex/unnamed-chunk-5-3.pdf>
Package pdftex.def Info: common_lab3_files/figure-latex/unnamed-chunk-5-3.pdf  
used on input line 501.
(pdftex.def)             Requested size: 438.64435pt x 248.93317pt.
<common_lab3_files/figure-latex/unnamed-chunk-5-4.pdf, id=110, 438.63875pt x 24
8.93pt>
File: common_lab3_files/figure-latex/unnamed-chunk-5-4.pdf Graphic file (type p
df)
<use common_lab3_files/figure-latex/unnamed-chunk-5-4.pdf>
Package pdftex.def Info: common_lab3_files/figure-latex/unnamed-chunk-5-4.pdf  
used on input line 502.
(pdftex.def)             Requested size: 438.64435pt x 248.93317pt.
<common_lab3_files/figure-latex/unnamed-chunk-5-5.pdf, id=111, 451.6875pt x 315
.1775pt>
File: common_lab3_files/figure-latex/unnamed-chunk-5-5.pdf Graphic file (type p
df)
<use common_lab3_files/figure-latex/unnamed-chunk-5-5.pdf>
Package pdftex.def Info: common_lab3_files/figure-latex/unnamed-chunk-5-5.pdf  
used on input line 503.
(pdftex.def)             Requested size: 451.71394pt x 315.19595pt.
<common_lab3_files/figure-latex/unnamed-chunk-5-6.pdf, id=112, 438.63875pt x 24
8.93pt>
File: common_lab3_files/figure-latex/unnamed-chunk-5-6.pdf Graphic file (type p
df)
<use common_lab3_files/figure-latex/unnamed-chunk-5-6.pdf>
Package pdftex.def Info: common_lab3_files/figure-latex/unnamed-chunk-5-6.pdf  
used on input line 504.
(pdftex.def)             Requested size: 438.64435pt x 248.93317pt.
<common_lab3_files/figure-latex/unnamed-chunk-5-7.pdf, id=113, 438.63875pt x 24
8.93pt>
File: common_lab3_files/figure-latex/unnamed-chunk-5-7.pdf Graphic file (type p
df)
<use common_lab3_files/figure-latex/unnamed-chunk-5-7.pdf>
Package pdftex.def Info: common_lab3_files/figure-latex/unnamed-chunk-5-7.pdf  
used on input line 505.
(pdftex.def)             Requested size: 438.64435pt x 248.93317pt.
<common_lab3_files/figure-latex/unnamed-chunk-5-8.pdf, id=114, 451.6875pt x 315
.1775pt>
File: common_lab3_files/figure-latex/unnamed-chunk-5-8.pdf Graphic file (type p
df)
<use common_lab3_files/figure-latex/unnamed-chunk-5-8.pdf>
Package pdftex.def Info: common_lab3_files/figure-latex/unnamed-chunk-5-8.pdf  
used on input line 506.
(pdftex.def)             Requested size: 451.71394pt x 315.19595pt.
<common_lab3_files/figure-latex/unnamed-chunk-5-9.pdf, id=115, 438.63875pt x 24
9.93375pt>
File: common_lab3_files/figure-latex/unnamed-chunk-5-9.pdf Graphic file (type p
df)
<use common_lab3_files/figure-latex/unnamed-chunk-5-9.pdf>
Package pdftex.def Info: common_lab3_files/figure-latex/unnamed-chunk-5-9.pdf  
used on input line 507.
(pdftex.def)             Requested size: 438.64435pt x 249.93694pt.
<common_lab3_files/figure-latex/unnamed-chunk-5-10.pdf, id=116, 438.63875pt x 2
52.945pt>
File: common_lab3_files/figure-latex/unnamed-chunk-5-10.pdf Graphic file (type 
pdf)
<use common_lab3_files/figure-latex/unnamed-chunk-5-10.pdf>
Package pdftex.def Info: common_lab3_files/figure-latex/unnamed-chunk-5-10.pdf 
 used on input line 508.
(pdftex.def)             Requested size: 438.64435pt x 252.94823pt.

Underfull \hbox (badness 10000) in paragraph at lines 500--509
[][]
 []


Underfull \hbox (badness 10000) in paragraph at lines 500--509
[]
 []


Underfull \hbox (badness 10000) in paragraph at lines 500--509
[]
 []


Underfull \hbox (badness 10000) in paragraph at lines 500--509
[]
 []


Underfull \hbox (badness 10000) in paragraph at lines 500--509
[]
 []


Underfull \hbox (badness 10000) in paragraph at lines 500--509
[]
 []


Underfull \hbox (badness 10000) in paragraph at lines 500--509
[]
 []


Underfull \hbox (badness 10000) in paragraph at lines 500--509
[]
 []

[10 <./common_lab3_files/figure-latex/unnamed-chunk-5-1.pdf>] [11 <./common_lab
3_files/figure-latex/unnamed-chunk-5-2.pdf> <./common_lab3_files/figure-latex/u
nnamed-chunk-5-3.pdf>] [12 <./common_lab3_files/figure-latex/unnamed-chunk-5-4.
pdf> <./common_lab3_files/figure-latex/unnamed-chunk-5-5.pdf>] [13 <./common_la
b3_files/figure-latex/unnamed-chunk-5-6.pdf> <./common_lab3_files/figure-latex/
unnamed-chunk-5-7.pdf>] [14 <./common_lab3_files/figure-latex/unnamed-chunk-5-8
.pdf> <./common_lab3_files/figure-latex/unnamed-chunk-5-9.pdf>]
<common_lab3_files/figure-latex/unnamed-chunk-5-11.pdf, id=206, 451.6875pt x 31
5.1775pt>
File: common_lab3_files/figure-latex/unnamed-chunk-5-11.pdf Graphic file (type 
pdf)
<use common_lab3_files/figure-latex/unnamed-chunk-5-11.pdf>
Package pdftex.def Info: common_lab3_files/figure-latex/unnamed-chunk-5-11.pdf 
 used on input line 530.
(pdftex.def)             Requested size: 451.71394pt x 315.19595pt.
<common_lab3_files/figure-latex/unnamed-chunk-5-12.pdf, id=207, 438.63875pt x 2
48.93pt>
File: common_lab3_files/figure-latex/unnamed-chunk-5-12.pdf Graphic file (type 
pdf)
<use common_lab3_files/figure-latex/unnamed-chunk-5-12.pdf>
Package pdftex.def Info: common_lab3_files/figure-latex/unnamed-chunk-5-12.pdf 
 used on input line 531.
(pdftex.def)             Requested size: 438.64435pt x 248.93317pt.
<common_lab3_files/figure-latex/unnamed-chunk-5-13.pdf, id=208, 438.63875pt x 2
48.93pt>
File: common_lab3_files/figure-latex/unnamed-chunk-5-13.pdf Graphic file (type 
pdf)
<use common_lab3_files/figure-latex/unnamed-chunk-5-13.pdf>
Package pdftex.def Info: common_lab3_files/figure-latex/unnamed-chunk-5-13.pdf 
 used on input line 532.
(pdftex.def)             Requested size: 438.64435pt x 248.93317pt.
<common_lab3_files/figure-latex/unnamed-chunk-5-14.pdf, id=209, 451.6875pt x 31
5.1775pt>
File: common_lab3_files/figure-latex/unnamed-chunk-5-14.pdf Graphic file (type 
pdf)
<use common_lab3_files/figure-latex/unnamed-chunk-5-14.pdf>
Package pdftex.def Info: common_lab3_files/figure-latex/unnamed-chunk-5-14.pdf 
 used on input line 533.
(pdftex.def)             Requested size: 451.71394pt x 315.19595pt.
<common_lab3_files/figure-latex/unnamed-chunk-5-15.pdf, id=210, 438.63875pt x 2
51.94125pt>
File: common_lab3_files/figure-latex/unnamed-chunk-5-15.pdf Graphic file (type 
pdf)
<use common_lab3_files/figure-latex/unnamed-chunk-5-15.pdf>
Package pdftex.def Info: common_lab3_files/figure-latex/unnamed-chunk-5-15.pdf 
 used on input line 534.
(pdftex.def)             Requested size: 438.63766pt x 251.94063pt.
<common_lab3_files/figure-latex/unnamed-chunk-5-16.pdf, id=211, 438.63875pt x 2
48.93pt>
File: common_lab3_files/figure-latex/unnamed-chunk-5-16.pdf Graphic file (type 
pdf)
<use common_lab3_files/figure-latex/unnamed-chunk-5-16.pdf>
Package pdftex.def Info: common_lab3_files/figure-latex/unnamed-chunk-5-16.pdf 
 used on input line 535.
(pdftex.def)             Requested size: 438.64435pt x 248.93317pt.
<common_lab3_files/figure-latex/unnamed-chunk-5-17.pdf, id=212, 451.6875pt x 31
5.1775pt>
File: common_lab3_files/figure-latex/unnamed-chunk-5-17.pdf Graphic file (type 
pdf)
<use common_lab3_files/figure-latex/unnamed-chunk-5-17.pdf>
Package pdftex.def Info: common_lab3_files/figure-latex/unnamed-chunk-5-17.pdf 
 used on input line 536.
(pdftex.def)             Requested size: 451.71394pt x 315.19595pt.
<common_lab3_files/figure-latex/unnamed-chunk-5-18.pdf, id=213, 438.63875pt x 2
48.93pt>
File: common_lab3_files/figure-latex/unnamed-chunk-5-18.pdf Graphic file (type 
pdf)
<use common_lab3_files/figure-latex/unnamed-chunk-5-18.pdf>
Package pdftex.def Info: common_lab3_files/figure-latex/unnamed-chunk-5-18.pdf 
 used on input line 537.
(pdftex.def)             Requested size: 438.64435pt x 248.93317pt.
<common_lab3_files/figure-latex/unnamed-chunk-5-19.pdf, id=214, 438.63875pt x 2
48.93pt>
File: common_lab3_files/figure-latex/unnamed-chunk-5-19.pdf Graphic file (type 
pdf)
<use common_lab3_files/figure-latex/unnamed-chunk-5-19.pdf>
Package pdftex.def Info: common_lab3_files/figure-latex/unnamed-chunk-5-19.pdf 
 used on input line 538.
(pdftex.def)             Requested size: 438.64435pt x 248.93317pt.

Underfull \hbox (badness 10000) in paragraph at lines 530--539
[][]
 []


Underfull \hbox (badness 10000) in paragraph at lines 530--539
[]
 []


Underfull \hbox (badness 10000) in paragraph at lines 530--539
[]
 []


Underfull \hbox (badness 10000) in paragraph at lines 530--539
[]
 []


Underfull \hbox (badness 10000) in paragraph at lines 530--539
[]
 []


Underfull \hbox (badness 10000) in paragraph at lines 530--539
[]
 []


Underfull \hbox (badness 10000) in paragraph at lines 530--539
[]
 []


Underfull \hbox (badness 10000) in paragraph at lines 530--539
[]
 []

[15 <./common_lab3_files/figure-latex/unnamed-chunk-5-10.pdf>] [16 <./common_la
b3_files/figure-latex/unnamed-chunk-5-11.pdf> <./common_lab3_files/figure-latex
/unnamed-chunk-5-12.pdf>] [17 <./common_lab3_files/figure-latex/unnamed-chunk-5
-13.pdf> <./common_lab3_files/figure-latex/unnamed-chunk-5-14.pdf>] [18 <./comm
on_lab3_files/figure-latex/unnamed-chunk-5-15.pdf> <./common_lab3_files/figure-
latex/unnamed-chunk-5-16.pdf>] [19 <./common_lab3_files/figure-latex/unnamed-ch
unk-5-17.pdf> <./common_lab3_files/figure-latex/unnamed-chunk-5-18.pdf>]

LaTeX Warning: Command \texttimes invalid in math mode on input line 555.


LaTeX Warning: Command \texttimes invalid in math mode on input line 555.

<common_lab3_files/figure-latex/unnamed-chunk-6-1.pdf, id=302, 451.6875pt x 315
.1775pt>
File: common_lab3_files/figure-latex/unnamed-chunk-6-1.pdf Graphic file (type p
df)
<use common_lab3_files/figure-latex/unnamed-chunk-6-1.pdf>
Package pdftex.def Info: common_lab3_files/figure-latex/unnamed-chunk-6-1.pdf  
used on input line 581.
(pdftex.def)             Requested size: 451.71394pt x 315.19595pt.
[20 <./common_lab3_files/figure-latex/unnamed-chunk-5-19.pdf>]
<common_lab3_files/figure-latex/unnamed-chunk-6-2.pdf, id=316, 451.6875pt x 315
.1775pt>
File: common_lab3_files/figure-latex/unnamed-chunk-6-2.pdf Graphic file (type p
df)
<use common_lab3_files/figure-latex/unnamed-chunk-6-2.pdf>
Package pdftex.def Info: common_lab3_files/figure-latex/unnamed-chunk-6-2.pdf  
used on input line 596.
(pdftex.def)             Requested size: 451.71394pt x 315.19595pt.
<common_lab3_files/figure-latex/unnamed-chunk-6-3.pdf, id=317, 451.6875pt x 315
.1775pt>
File: common_lab3_files/figure-latex/unnamed-chunk-6-3.pdf Graphic file (type p
df)
<use common_lab3_files/figure-latex/unnamed-chunk-6-3.pdf>
Package pdftex.def Info: common_lab3_files/figure-latex/unnamed-chunk-6-3.pdf  
used on input line 597.
(pdftex.def)             Requested size: 451.71394pt x 315.19595pt.
<common_lab3_files/figure-latex/unnamed-chunk-6-4.pdf, id=318, 451.6875pt x 315
.1775pt>
File: common_lab3_files/figure-latex/unnamed-chunk-6-4.pdf Graphic file (type p
df)
<use common_lab3_files/figure-latex/unnamed-chunk-6-4.pdf>
Package pdftex.def Info: common_lab3_files/figure-latex/unnamed-chunk-6-4.pdf  
used on input line 598.
(pdftex.def)             Requested size: 451.71394pt x 315.19595pt.
<common_lab3_files/figure-latex/unnamed-chunk-6-5.pdf, id=319, 451.6875pt x 315
.1775pt>
File: common_lab3_files/figure-latex/unnamed-chunk-6-5.pdf Graphic file (type p
df)
<use common_lab3_files/figure-latex/unnamed-chunk-6-5.pdf>
Package pdftex.def Info: common_lab3_files/figure-latex/unnamed-chunk-6-5.pdf  
used on input line 599.
(pdftex.def)             Requested size: 451.71394pt x 315.19595pt.

Underfull \hbox (badness 10000) in paragraph at lines 596--600
[][]
 []


Underfull \hbox (badness 10000) in paragraph at lines 596--600
[]
 []


Underfull \hbox (badness 10000) in paragraph at lines 596--600
[]
 []

[21 <./common_lab3_files/figure-latex/unnamed-chunk-6-1.pdf>] [22 <./common_lab
3_files/figure-latex/unnamed-chunk-6-2.pdf> <./common_lab3_files/figure-latex/u
nnamed-chunk-6-3.pdf>] [23 <./common_lab3_files/figure-latex/unnamed-chunk-6-4.
pdf> <./common_lab3_files/figure-latex/unnamed-chunk-6-5.pdf>]
<../../../../Desktop/Screenshot 2024-09-28 at 19.20.57.png, id=373, 416.55624pt
 x 417.56pt>
File: ../../../../Desktop/Screenshot 2024-09-28 at 19.20.57.png Graphic file (t
ype png)
<use ../../../../Desktop/Screenshot 2024-09-28 at 19.20.57.png>
Package pdftex.def Info: ../../../../Desktop/Screenshot 2024-09-28 at 19.20.57.
png  used on input line 633.
(pdftex.def)             Requested size: 112.73863pt x 113.0103pt.
<../../../../Desktop/Screenshot 2024-09-28 at 19.23.33.png, id=375, 416.55624pt
 x 417.56pt>
File: ../../../../Desktop/Screenshot 2024-09-28 at 19.23.33.png Graphic file (t
ype png)
<use ../../../../Desktop/Screenshot 2024-09-28 at 19.23.33.png>
Package pdftex.def Info: ../../../../Desktop/Screenshot 2024-09-28 at 19.23.33.
png  used on input line 635.
(pdftex.def)             Requested size: 112.73863pt x 113.0103pt.
<../../../../Desktop/Screenshot 2024-09-28 at 19.23.42.png, id=376, 416.55624pt
 x 417.56pt>
File: ../../../../Desktop/Screenshot 2024-09-28 at 19.23.42.png Graphic file (t
ype png)
<use ../../../../Desktop/Screenshot 2024-09-28 at 19.23.42.png>
Package pdftex.def Info: ../../../../Desktop/Screenshot 2024-09-28 at 19.23.42.
png  used on input line 637.
(pdftex.def)             Requested size: 112.73863pt x 113.0103pt.
<../../../../Desktop/Screenshot 2024-09-28 at 19.23.51.png, id=377, 416.55624pt
 x 417.56pt>
File: ../../../../Desktop/Screenshot 2024-09-28 at 19.23.51.png Graphic file (t
ype png)
<use ../../../../Desktop/Screenshot 2024-09-28 at 19.23.51.png>
Package pdftex.def Info: ../../../../Desktop/Screenshot 2024-09-28 at 19.23.51.
png  used on input line 639.
(pdftex.def)             Requested size: 112.73863pt x 113.0103pt.
[24 <../../../../Desktop/Screenshot 2024-09-28 at 19.20.57.png> <../../../../De
sktop/Screenshot 2024-09-28 at 19.23.33.png> <../../../../Desktop/Screenshot 20
24-09-28 at 19.23.42.png>]
<../../../../Desktop/Screenshot 2024-09-28 at 19.24.00.png, id=388, 416.55624pt
 x 417.56pt>
File: ../../../../Desktop/Screenshot 2024-09-28 at 19.24.00.png Graphic file (t
ype png)
<use ../../../../Desktop/Screenshot 2024-09-28 at 19.24.00.png>
Package pdftex.def Info: ../../../../Desktop/Screenshot 2024-09-28 at 19.24.00.
png  used on input line 641.
(pdftex.def)             Requested size: 112.73863pt x 113.0103pt.
<../../../../Desktop/Screenshot 2024-09-28 at 19.24.09.png, id=389, 416.55624pt
 x 417.56pt>
File: ../../../../Desktop/Screenshot 2024-09-28 at 19.24.09.png Graphic file (t
ype png)
<use ../../../../Desktop/Screenshot 2024-09-28 at 19.24.09.png>
Package pdftex.def Info: ../../../../Desktop/Screenshot 2024-09-28 at 19.24.09.
png  used on input line 643.
(pdftex.def)             Requested size: 112.73863pt x 113.0103pt.
<../../../../Desktop/Screenshot 2024-09-28 at 19.24.14.png, id=390, 416.55624pt
 x 417.56pt>
File: ../../../../Desktop/Screenshot 2024-09-28 at 19.24.14.png Graphic file (t
ype png)
<use ../../../../Desktop/Screenshot 2024-09-28 at 19.24.14.png>
Package pdftex.def Info: ../../../../Desktop/Screenshot 2024-09-28 at 19.24.14.
png  used on input line 645.
(pdftex.def)             Requested size: 112.73863pt x 113.0103pt.
<../../../../Desktop/Screenshot 2024-09-28 at 19.24.19.png, id=391, 416.55624pt
 x 417.56pt>
File: ../../../../Desktop/Screenshot 2024-09-28 at 19.24.19.png Graphic file (t
ype png)
<use ../../../../Desktop/Screenshot 2024-09-28 at 19.24.19.png>
Package pdftex.def Info: ../../../../Desktop/Screenshot 2024-09-28 at 19.24.19.
png  used on input line 647.
(pdftex.def)             Requested size: 112.73863pt x 113.0103pt.
<../../../../Desktop/Screenshot 2024-09-28 at 19.24.23.png, id=392, 416.55624pt
 x 417.56pt>
File: ../../../../Desktop/Screenshot 2024-09-28 at 19.24.23.png Graphic file (t
ype png)
<use ../../../../Desktop/Screenshot 2024-09-28 at 19.24.23.png>
Package pdftex.def Info: ../../../../Desktop/Screenshot 2024-09-28 at 19.24.23.
png  used on input line 649.
(pdftex.def)             Requested size: 112.73863pt x 113.0103pt.
[25 <../../../../Desktop/Screenshot 2024-09-28 at 19.23.51.png> <../../../../De
sktop/Screenshot 2024-09-28 at 19.24.00.png> <../../../../Desktop/Screenshot 20
24-09-28 at 19.24.09.png> <../../../../Desktop/Screenshot 2024-09-28 at 19.24.1
4.png> <../../../../Desktop/Screenshot 2024-09-28 at 19.24.19.png>]
<../../../../Desktop/Screenshot 2024-09-28 at 19.24.26.png, id=403, 416.55624pt
 x 417.56pt>
File: ../../../../Desktop/Screenshot 2024-09-28 at 19.24.26.png Graphic file (t
ype png)
<use ../../../../Desktop/Screenshot 2024-09-28 at 19.24.26.png>
Package pdftex.def Info: ../../../../Desktop/Screenshot 2024-09-28 at 19.24.26.
png  used on input line 651.
(pdftex.def)             Requested size: 112.73863pt x 113.0103pt.
<../../../../Desktop/Screenshot 2024-09-28 at 19.24.30.png, id=404, 416.55624pt
 x 417.56pt>
File: ../../../../Desktop/Screenshot 2024-09-28 at 19.24.30.png Graphic file (t
ype png)
<use ../../../../Desktop/Screenshot 2024-09-28 at 19.24.30.png>
Package pdftex.def Info: ../../../../Desktop/Screenshot 2024-09-28 at 19.24.30.
png  used on input line 653.
(pdftex.def)             Requested size: 112.73863pt x 113.0103pt.
<../../../../Desktop/Screenshot 2024-09-28 at 19.24.36.png, id=405, 416.55624pt
 x 417.56pt>
File: ../../../../Desktop/Screenshot 2024-09-28 at 19.24.36.png Graphic file (t
ype png)
<use ../../../../Desktop/Screenshot 2024-09-28 at 19.24.36.png>
Package pdftex.def Info: ../../../../Desktop/Screenshot 2024-09-28 at 19.24.36.
png  used on input line 655.
(pdftex.def)             Requested size: 112.73863pt x 113.0103pt.
<../../../../Desktop/Screenshot 2024-09-28 at 19.24.40.png, id=406, 416.55624pt
 x 417.56pt>
File: ../../../../Desktop/Screenshot 2024-09-28 at 19.24.40.png Graphic file (t
ype png)
<use ../../../../Desktop/Screenshot 2024-09-28 at 19.24.40.png>
Package pdftex.def Info: ../../../../Desktop/Screenshot 2024-09-28 at 19.24.40.
png  used on input line 657.
(pdftex.def)             Requested size: 112.73863pt x 113.0103pt.
<../../../../Desktop/Screenshot 2024-09-28 at 19.24.43.png, id=407, 416.55624pt
 x 417.56pt>
File: ../../../../Desktop/Screenshot 2024-09-28 at 19.24.43.png Graphic file (t
ype png)
<use ../../../../Desktop/Screenshot 2024-09-28 at 19.24.43.png>
Package pdftex.def Info: ../../../../Desktop/Screenshot 2024-09-28 at 19.24.43.
png  used on input line 659.
(pdftex.def)             Requested size: 112.73863pt x 113.0103pt.
[26 <../../../../Desktop/Screenshot 2024-09-28 at 19.24.23.png> <../../../../De
sktop/Screenshot 2024-09-28 at 19.24.26.png> <../../../../Desktop/Screenshot 20
24-09-28 at 19.24.30.png> <../../../../Desktop/Screenshot 2024-09-28 at 19.24.3
6.png> <../../../../Desktop/Screenshot 2024-09-28 at 19.24.40.png>]
<../../../../Desktop/Screenshot 2024-09-28 at 19.24.49.png, id=417, 416.55624pt
 x 417.56pt>
File: ../../../../Desktop/Screenshot 2024-09-28 at 19.24.49.png Graphic file (t
ype png)
<use ../../../../Desktop/Screenshot 2024-09-28 at 19.24.49.png>
Package pdftex.def Info: ../../../../Desktop/Screenshot 2024-09-28 at 19.24.49.
png  used on input line 661.
(pdftex.def)             Requested size: 112.73863pt x 113.0103pt.
<../../../../Desktop/Screenshot 2024-09-28 at 19.24.53.png, id=418, 416.55624pt
 x 417.56pt>
File: ../../../../Desktop/Screenshot 2024-09-28 at 19.24.53.png Graphic file (t
ype png)
<use ../../../../Desktop/Screenshot 2024-09-28 at 19.24.53.png>
Package pdftex.def Info: ../../../../Desktop/Screenshot 2024-09-28 at 19.24.53.
png  used on input line 663.
(pdftex.def)             Requested size: 112.73863pt x 113.0103pt.
<../../../../Desktop/Screenshot 2024-09-28 at 19.24.56.png, id=419, 416.55624pt
 x 417.56pt>
File: ../../../../Desktop/Screenshot 2024-09-28 at 19.24.56.png Graphic file (t
ype png)
<use ../../../../Desktop/Screenshot 2024-09-28 at 19.24.56.png>
Package pdftex.def Info: ../../../../Desktop/Screenshot 2024-09-28 at 19.24.56.
png  used on input line 689.
(pdftex.def)             Requested size: 112.73863pt x 113.0103pt.
[27 <../../../../Desktop/Screenshot 2024-09-28 at 19.24.43.png> <../../../../De
sktop/Screenshot 2024-09-28 at 19.24.49.png> <../../../../Desktop/Screenshot 20
24-09-28 at 19.24.53.png>]
<../../../../Desktop/Screenshot 2024-09-28 at 19.25.00.png, id=430, 416.55624pt
 x 417.56pt>
File: ../../../../Desktop/Screenshot 2024-09-28 at 19.25.00.png Graphic file (t
ype png)
<use ../../../../Desktop/Screenshot 2024-09-28 at 19.25.00.png>
Package pdftex.def Info: ../../../../Desktop/Screenshot 2024-09-28 at 19.25.00.
png  used on input line 691.
(pdftex.def)             Requested size: 112.73863pt x 113.0103pt.
<../../../../Desktop/Screenshot 2024-09-28 at 19.25.04.png, id=431, 416.55624pt
 x 417.56pt>
File: ../../../../Desktop/Screenshot 2024-09-28 at 19.25.04.png Graphic file (t
ype png)
<use ../../../../Desktop/Screenshot 2024-09-28 at 19.25.04.png>
Package pdftex.def Info: ../../../../Desktop/Screenshot 2024-09-28 at 19.25.04.
png  used on input line 693.
(pdftex.def)             Requested size: 112.73863pt x 113.0103pt.
<../../../../Desktop/Screenshot 2024-09-28 at 19.25.07.png, id=432, 416.55624pt
 x 417.56pt>
File: ../../../../Desktop/Screenshot 2024-09-28 at 19.25.07.png Graphic file (t
ype png)
<use ../../../../Desktop/Screenshot 2024-09-28 at 19.25.07.png>
Package pdftex.def Info: ../../../../Desktop/Screenshot 2024-09-28 at 19.25.07.
png  used on input line 695.
(pdftex.def)             Requested size: 112.73863pt x 113.0103pt.
<../../../../Desktop/Screenshot 2024-09-28 at 19.25.10.png, id=433, 416.55624pt
 x 417.56pt>
File: ../../../../Desktop/Screenshot 2024-09-28 at 19.25.10.png Graphic file (t
ype png)
<use ../../../../Desktop/Screenshot 2024-09-28 at 19.25.10.png>
Package pdftex.def Info: ../../../../Desktop/Screenshot 2024-09-28 at 19.25.10.
png  used on input line 697.
(pdftex.def)             Requested size: 112.73863pt x 113.0103pt.
<../../../../Desktop/Screenshot 2024-09-28 at 19.25.16.png, id=434, 416.55624pt
 x 417.56pt>
File: ../../../../Desktop/Screenshot 2024-09-28 at 19.25.16.png Graphic file (t
ype png)
<use ../../../../Desktop/Screenshot 2024-09-28 at 19.25.16.png>
Package pdftex.def Info: ../../../../Desktop/Screenshot 2024-09-28 at 19.25.16.
png  used on input line 699.
(pdftex.def)             Requested size: 112.73863pt x 113.0103pt.
[28 <../../../../Desktop/Screenshot 2024-09-28 at 19.24.56.png> <../../../../De
sktop/Screenshot 2024-09-28 at 19.25.00.png> <../../../../Desktop/Screenshot 20
24-09-28 at 19.25.04.png> <../../../../Desktop/Screenshot 2024-09-28 at 19.25.0
7.png> <../../../../Desktop/Screenshot 2024-09-28 at 19.25.10.png>] [29 <../../
../../Desktop/Screenshot 2024-09-28 at 19.25.16.png>] (./common_lab3.aux) ) 
Here is how much of TeX's memory you used:
 14575 strings out of 476025
 249314 string characters out of 5790017
 1869388 words of memory out of 5000000
 34568 multiletter control sequences out of 15000+600000
 568844 words of font info for 129 fonts, out of 8000000 for 9000
 1141 hyphenation exceptions out of 8191
 77i,6n,81p,1008b,520s stack positions out of 10000i,1000n,20000p,200000b,200000s
</us
r/local/texlive/2023/texmf-dist/fonts/type1/public/lm/lmbx10.pfb></usr/local/te
xlive/2023/texmf-dist/fonts/type1/public/lm/lmbx12.pfb></usr/local/texlive/2023
/texmf-dist/fonts/type1/public/lm/lmmi10.pfb></usr/local/texlive/2023/texmf-dis
t/fonts/type1/public/lm/lmmi7.pfb></usr/local/texlive/2023/texmf-dist/fonts/typ
e1/public/lm/lmr10.pfb></usr/local/texlive/2023/texmf-dist/fonts/type1/public/l
m/lmr12.pfb></usr/local/texlive/2023/texmf-dist/fonts/type1/public/lm/lmr17.pfb
></usr/local/texlive/2023/texmf-dist/fonts/type1/public/lm/lmri10.pfb></usr/loc
al/texlive/2023/texmf-dist/fonts/type1/public/lm/lmsy10.pfb></usr/local/texlive
/2023/texmf-dist/fonts/type1/public/lm/lmsy7.pfb></usr/local/texlive/2023/texmf
-dist/fonts/type1/public/lm/lmtk10.pfb></usr/local/texlive/2023/texmf-dist/font
s/type1/public/lm/lmtko10.pfb></usr/local/texlive/2023/texmf-dist/fonts/type1/p
ublic/lm/lmtt10.pfb></usr/local/texlive/2023/texmf-dist/fonts/type1/public/lm/l
mtti10.pfb>
Output written on common_lab3.pdf (29 pages, 2082497 bytes).
PDF statistics:
 568 PDF objects out of 1000 (max. 8388607)
 354 compressed objects within 4 object streams
 43 named destinations out of 1000 (max. 500000)
 31064 words of extra memory for PDF output out of 35830 (max. 10000000)

